[2m2025-10-29T13:56:09.621657Z[0m [32m INFO[0m Starting Bitcoin Rust P2P Node
[2m2025-10-29T13:56:09.621718Z[0m [32m INFO[0m Initializing kernel context
[2m2025-10-29T13:56:09.661557Z[0m [32m INFO[0m Initializing block storage manager
[2m2025-10-29T13:56:09.661567Z[0m [32m INFO[0m Initializing chain state manager
[2m2025-10-29T13:56:09.661635Z[0m [32m INFO[0m Initializing mempool
[2m2025-10-29T13:56:09.661637Z[0m [32m INFO[0m Initializing compact block handler
[2m2025-10-29T13:56:09.661649Z[0m [32m INFO[0m Initializing checkpoint manager
[2m2025-10-29T13:56:09.661672Z[0m [32m INFO[0m Initializing address manager
[2m2025-10-29T13:56:09.662065Z[0m [32m INFO[0m Could not load peers.dat (Storage error: Failed to read bucket size: failed to fill whole buffer), starting fresh
[2m2025-10-29T13:56:09.662107Z[0m [32m INFO[0m Initializing peer scoring manager
[2m2025-10-29T13:56:09.662109Z[0m [32m INFO[0m Initializing connection slot manager
[2m2025-10-29T13:56:09.662110Z[0m [32m INFO[0m Initializing ban manager
[2m2025-10-29T13:56:09.662115Z[0m [32m INFO[0m Initializing rate limiter
[2m2025-10-29T13:56:09.662117Z[0m [32m INFO[0m Initializing DNS seed resolver
[2m2025-10-29T13:56:09.662117Z[0m [32m INFO[0m Initializing peer manager
[2m2025-10-29T13:56:09.662121Z[0m [32m INFO[0m Initializing enhanced block sync
[2m2025-10-29T13:56:09.662123Z[0m [32m INFO[0m Starting DNS seed resolver
[2m2025-10-29T13:56:09.662124Z[0m [32m INFO[0m Starting DNS seed resolution for Signet
[2m2025-10-29T13:56:09.662153Z[0m [32m INFO[0m Starting peer manager
[2m2025-10-29T13:56:09.662154Z[0m [32m INFO[0m Starting peer manager
[2m2025-10-29T13:56:09.662157Z[0m [32m INFO[0m Starting enhanced block synchronization
[2m2025-10-29T13:56:09.662158Z[0m [32m INFO[0m Starting enhanced block synchronization
[2m2025-10-29T13:56:09.662223Z[0m [32m INFO[0m Bitcoin Rust P2P Node is running
[2m2025-10-29T13:56:09.662226Z[0m [32m INFO[0m Chain: Signet
[2m2025-10-29T13:56:09.662228Z[0m [32m INFO[0m Listen address: 0.0.0.0:38333
[2m2025-10-29T13:56:09.662229Z[0m [32m INFO[0m Current height: 0
[2m2025-10-29T13:56:09.663442Z[0m [32m INFO[0m Status Report:
[2m2025-10-29T13:56:09.663468Z[0m [32m INFO[0m   Peers: 0
[2m2025-10-29T13:56:09.663469Z[0m [32m INFO[0m   Active chain height: 0 (validated)
[2m2025-10-29T13:56:09.663470Z[0m [32m INFO[0m   Best header height: 0 (received)
[2m2025-10-29T13:56:09.663471Z[0m [32m INFO[0m   Pending headers: 0
[2m2025-10-29T13:56:09.663472Z[0m [32m INFO[0m   In-flight blocks: 0
[2m2025-10-29T13:56:09.663473Z[0m [32m INFO[0m   Presync active: false
[2m2025-10-29T13:56:09.663440Z[0m [32m INFO[0m Requesting headers from best header height 0 (active chain: 0)
[2m2025-10-29T13:56:09.663489Z[0m [32m INFO[0m activate_best_chain: START
[2m2025-10-29T13:56:09.663492Z[0m [32m INFO[0m activate_best_chain: Calling find_most_work_chain
[2m2025-10-29T13:56:09.663493Z[0m [32m INFO[0m activate_best_chain: find_most_work_chain returned: None
[2m2025-10-29T13:56:09.663497Z[0m [32m INFO[0m activate_best_chain: No best chain found, returning
[2m2025-10-29T13:56:10.664583Z[0m [32m INFO[0m Requesting headers from best header height 0 (active chain: 0)
[2m2025-10-29T13:56:10.664629Z[0m [32m INFO[0m activate_best_chain: START
[2m2025-10-29T13:56:10.664655Z[0m [32m INFO[0m activate_best_chain: Calling find_most_work_chain
[2m2025-10-29T13:56:10.664662Z[0m [32m INFO[0m activate_best_chain: find_most_work_chain returned: None
[2m2025-10-29T13:56:10.664666Z[0m [32m INFO[0m activate_best_chain: No best chain found, returning
[2m2025-10-29T13:56:11.664235Z[0m [32m INFO[0m Requesting headers from best header height 0 (active chain: 0)
[2m2025-10-29T13:56:11.664270Z[0m [32m INFO[0m activate_best_chain: START
[2m2025-10-29T13:56:11.664276Z[0m [32m INFO[0m activate_best_chain: Calling find_most_work_chain
[2m2025-10-29T13:56:11.664301Z[0m [32m INFO[0m activate_best_chain: find_most_work_chain returned: None
[2m2025-10-29T13:56:11.664307Z[0m [32m INFO[0m activate_best_chain: No best chain found, returning
[2m2025-10-29T13:56:12.664858Z[0m [32m INFO[0m Requesting headers from best header height 0 (active chain: 0)
[2m2025-10-29T13:56:12.664923Z[0m [32m INFO[0m activate_best_chain: START
[2m2025-10-29T13:56:12.664929Z[0m [32m INFO[0m activate_best_chain: Calling find_most_work_chain
[2m2025-10-29T13:56:12.664934Z[0m [32m INFO[0m activate_best_chain: find_most_work_chain returned: None
[2m2025-10-29T13:56:12.664939Z[0m [32m INFO[0m activate_best_chain: No best chain found, returning
[2m2025-10-29T13:56:13.665219Z[0m [32m INFO[0m Requesting headers from best header height 0 (active chain: 0)
[2m2025-10-29T13:56:13.665394Z[0m [32m INFO[0m activate_best_chain: START
[2m2025-10-29T13:56:13.665409Z[0m [32m INFO[0m activate_best_chain: Calling find_most_work_chain
[2m2025-10-29T13:56:13.665442Z[0m [32m INFO[0m activate_best_chain: find_most_work_chain returned: None
[2m2025-10-29T13:56:13.665458Z[0m [32m INFO[0m activate_best_chain: No best chain found, returning
[2m2025-10-29T13:56:14.664600Z[0m [32m INFO[0m Requesting headers from best header height 0 (active chain: 0)
[2m2025-10-29T13:56:14.664657Z[0m [32m INFO[0m activate_best_chain: START
[2m2025-10-29T13:56:14.664662Z[0m [32m INFO[0m activate_best_chain: Calling find_most_work_chain
[2m2025-10-29T13:56:14.664668Z[0m [32m INFO[0m activate_best_chain: find_most_work_chain returned: None
[2m2025-10-29T13:56:14.664673Z[0m [32m INFO[0m activate_best_chain: No best chain found, returning
[2m2025-10-29T13:56:15.664806Z[0m [32m INFO[0m Requesting headers from best header height 0 (active chain: 0)
[2m2025-10-29T13:56:15.664853Z[0m [32m INFO[0m activate_best_chain: START
[2m2025-10-29T13:56:15.664857Z[0m [32m INFO[0m activate_best_chain: Calling find_most_work_chain
[2m2025-10-29T13:56:15.664862Z[0m [32m INFO[0m activate_best_chain: find_most_work_chain returned: None
[2m2025-10-29T13:56:15.664865Z[0m [32m INFO[0m activate_best_chain: No best chain found, returning
[2m2025-10-29T13:56:16.664081Z[0m [32m INFO[0m Requesting headers from best header height 0 (active chain: 0)
[2m2025-10-29T13:56:16.664108Z[0m [32m INFO[0m activate_best_chain: START
[2m2025-10-29T13:56:16.664128Z[0m [32m INFO[0m activate_best_chain: Calling find_most_work_chain
[2m2025-10-29T13:56:16.664133Z[0m [32m INFO[0m activate_best_chain: find_most_work_chain returned: None
[2m2025-10-29T13:56:16.664136Z[0m [32m INFO[0m activate_best_chain: No best chain found, returning
[2m2025-10-29T13:56:17.664380Z[0m [32m INFO[0m Requesting headers from best header height 0 (active chain: 0)
[2m2025-10-29T13:56:17.664423Z[0m [32m INFO[0m activate_best_chain: START
[2m2025-10-29T13:56:17.664426Z[0m [32m INFO[0m activate_best_chain: Calling find_most_work_chain
[2m2025-10-29T13:56:17.664429Z[0m [32m INFO[0m activate_best_chain: find_most_work_chain returned: None
[2m2025-10-29T13:56:17.664432Z[0m [32m INFO[0m activate_best_chain: No best chain found, returning
[2m2025-10-29T13:56:18.664631Z[0m [32m INFO[0m Requesting headers from best header height 0 (active chain: 0)
[2m2025-10-29T13:56:18.664683Z[0m [32m INFO[0m activate_best_chain: START
[2m2025-10-29T13:56:18.664688Z[0m [32m INFO[0m activate_best_chain: Calling find_most_work_chain
[2m2025-10-29T13:56:18.664693Z[0m [32m INFO[0m activate_best_chain: find_most_work_chain returned: None
[2m2025-10-29T13:56:18.664697Z[0m [32m INFO[0m activate_best_chain: No best chain found, returning
[2m2025-10-29T13:56:19.664282Z[0m [32m INFO[0m Requesting headers from best header height 0 (active chain: 0)
[2m2025-10-29T13:56:19.664310Z[0m [32m INFO[0m activate_best_chain: START
[2m2025-10-29T13:56:19.664312Z[0m [32m INFO[0m activate_best_chain: Calling find_most_work_chain
[2m2025-10-29T13:56:19.664334Z[0m [32m INFO[0m activate_best_chain: find_most_work_chain returned: None
[2m2025-10-29T13:56:19.664337Z[0m [32m INFO[0m activate_best_chain: No best chain found, returning
[2m2025-10-29T13:56:20.664515Z[0m [32m INFO[0m Requesting headers from best header height 0 (active chain: 0)
[2m2025-10-29T13:56:20.664527Z[0m [32m INFO[0m Querying 2 DNS seeds
[2m2025-10-29T13:56:20.664779Z[0m [32m INFO[0m activate_best_chain: START
[2m2025-10-29T13:56:20.664790Z[0m [32m INFO[0m activate_best_chain: Calling find_most_work_chain
[2m2025-10-29T13:56:20.664807Z[0m [32m INFO[0m activate_best_chain: find_most_work_chain returned: None
[2m2025-10-29T13:56:20.664813Z[0m [32m INFO[0m activate_best_chain: No best chain found, returning
[2m2025-10-29T13:56:20.679018Z[0m [32m INFO[0m DNS seed seed.signet.bitcoin.sprovoost.nl returned 34 addresses
[2m2025-10-29T13:56:21.667039Z[0m [32m INFO[0m Requesting headers from best header height 0 (active chain: 0)
[2m2025-10-29T13:56:21.667102Z[0m [32m INFO[0m activate_best_chain: START
[2m2025-10-29T13:56:21.667106Z[0m [32m INFO[0m activate_best_chain: Calling find_most_work_chain
[2m2025-10-29T13:56:21.667111Z[0m [32m INFO[0m activate_best_chain: find_most_work_chain returned: None
[2m2025-10-29T13:56:21.667115Z[0m [32m INFO[0m activate_best_chain: No best chain found, returning
[2m2025-10-29T13:56:21.782773Z[0m [32m INFO[0m DNS seed seed.signet.achownodes.xyz returned 40 addresses
[2m2025-10-29T13:56:22.284155Z[0m [32m INFO[0m DNS seed resolution completed: 70 new, 0 tried addresses
[2m2025-10-29T13:56:22.664304Z[0m [32m INFO[0m Requesting headers from best header height 0 (active chain: 0)
[2m2025-10-29T13:56:22.664353Z[0m [32m INFO[0m activate_best_chain: START
[2m2025-10-29T13:56:22.664358Z[0m [32m INFO[0m activate_best_chain: Calling find_most_work_chain
[2m2025-10-29T13:56:22.664362Z[0m [32m INFO[0m activate_best_chain: find_most_work_chain returned: None
[2m2025-10-29T13:56:22.664366Z[0m [32m INFO[0m activate_best_chain: No best chain found, returning
[2m2025-10-29T13:56:23.664432Z[0m [32m INFO[0m Requesting headers from best header height 0 (active chain: 0)
[2m2025-10-29T13:56:23.664459Z[0m [32m INFO[0m activate_best_chain: START
[2m2025-10-29T13:56:23.664461Z[0m [32m INFO[0m activate_best_chain: Calling find_most_work_chain
[2m2025-10-29T13:56:23.664464Z[0m [32m INFO[0m activate_best_chain: find_most_work_chain returned: None
[2m2025-10-29T13:56:23.664466Z[0m [32m INFO[0m activate_best_chain: No best chain found, returning
[2m2025-10-29T13:56:24.663672Z[0m [32m INFO[0m Requesting headers from best header height 0 (active chain: 0)
[2m2025-10-29T13:56:24.663701Z[0m [32m INFO[0m activate_best_chain: START
[2m2025-10-29T13:56:24.663720Z[0m [32m INFO[0m activate_best_chain: Calling find_most_work_chain
[2m2025-10-29T13:56:24.663726Z[0m [32m INFO[0m activate_best_chain: find_most_work_chain returned: None
[2m2025-10-29T13:56:24.663731Z[0m [32m INFO[0m activate_best_chain: No best chain found, returning
[2m2025-10-29T13:56:25.664858Z[0m [32m INFO[0m Requesting headers from best header height 0 (active chain: 0)
[2m2025-10-29T13:56:25.664921Z[0m [32m INFO[0m activate_best_chain: START
[2m2025-10-29T13:56:25.664926Z[0m [32m INFO[0m activate_best_chain: Calling find_most_work_chain
[2m2025-10-29T13:56:25.664931Z[0m [32m INFO[0m activate_best_chain: find_most_work_chain returned: None
[2m2025-10-29T13:56:25.664936Z[0m [32m INFO[0m activate_best_chain: No best chain found, returning
[2m2025-10-29T13:56:26.665150Z[0m [32m INFO[0m Requesting headers from best header height 0 (active chain: 0)
[2m2025-10-29T13:56:26.665209Z[0m [32m INFO[0m activate_best_chain: START
[2m2025-10-29T13:56:26.665214Z[0m [32m INFO[0m activate_best_chain: Calling find_most_work_chain
[2m2025-10-29T13:56:26.665218Z[0m [32m INFO[0m activate_best_chain: find_most_work_chain returned: None
[2m2025-10-29T13:56:26.665223Z[0m [32m INFO[0m activate_best_chain: No best chain found, returning
[2m2025-10-29T13:56:27.668599Z[0m [32m INFO[0m Requesting headers from best header height 0 (active chain: 0)
[2m2025-10-29T13:56:27.668780Z[0m [32m INFO[0m activate_best_chain: START
[2m2025-10-29T13:56:27.668785Z[0m [32m INFO[0m activate_best_chain: Calling find_most_work_chain
[2m2025-10-29T13:56:27.668788Z[0m [32m INFO[0m activate_best_chain: find_most_work_chain returned: None
[2m2025-10-29T13:56:27.668791Z[0m [32m INFO[0m activate_best_chain: No best chain found, returning
[2m2025-10-29T13:56:28.664366Z[0m [32m INFO[0m Requesting headers from best header height 0 (active chain: 0)
[2m2025-10-29T13:56:28.664414Z[0m [32m INFO[0m activate_best_chain: START
[2m2025-10-29T13:56:28.664417Z[0m [32m INFO[0m activate_best_chain: Calling find_most_work_chain
[2m2025-10-29T13:56:28.664420Z[0m [32m INFO[0m activate_best_chain: find_most_work_chain returned: None
[2m2025-10-29T13:56:28.664423Z[0m [32m INFO[0m activate_best_chain: No best chain found, returning
[2m2025-10-29T13:56:29.664632Z[0m [32m INFO[0m Requesting headers from best header height 0 (active chain: 0)
[2m2025-10-29T13:56:29.664742Z[0m [32m INFO[0m activate_best_chain: START
[2m2025-10-29T13:56:29.664750Z[0m [32m INFO[0m activate_best_chain: Calling find_most_work_chain
[2m2025-10-29T13:56:29.664761Z[0m [32m INFO[0m activate_best_chain: find_most_work_chain returned: None
[2m2025-10-29T13:56:29.664767Z[0m [32m INFO[0m activate_best_chain: No best chain found, returning
[2m2025-10-29T13:56:30.664999Z[0m [32m INFO[0m Requesting headers from best header height 0 (active chain: 0)
[2m2025-10-29T13:56:30.665063Z[0m [32m INFO[0m activate_best_chain: START
[2m2025-10-29T13:56:30.665070Z[0m [32m INFO[0m activate_best_chain: Calling find_most_work_chain
[2m2025-10-29T13:56:30.665078Z[0m [32m INFO[0m activate_best_chain: find_most_work_chain returned: None
[2m2025-10-29T13:56:30.665084Z[0m [32m INFO[0m activate_best_chain: No best chain found, returning
[2m2025-10-29T13:56:31.665629Z[0m [32m INFO[0m Requesting headers from best header height 0 (active chain: 0)
[2m2025-10-29T13:56:31.665693Z[0m [32m INFO[0m activate_best_chain: START
[2m2025-10-29T13:56:31.665699Z[0m [32m INFO[0m activate_best_chain: Calling find_most_work_chain
[2m2025-10-29T13:56:31.665706Z[0m [32m INFO[0m activate_best_chain: find_most_work_chain returned: None
[2m2025-10-29T13:56:31.665712Z[0m [32m INFO[0m activate_best_chain: No best chain found, returning
[2m2025-10-29T13:56:32.663928Z[0m [32m INFO[0m Requesting headers from best header height 0 (active chain: 0)
[2m2025-10-29T13:56:32.663960Z[0m [32m INFO[0m activate_best_chain: START
[2m2025-10-29T13:56:32.663962Z[0m [32m INFO[0m activate_best_chain: Calling find_most_work_chain
[2m2025-10-29T13:56:32.663965Z[0m [32m INFO[0m activate_best_chain: find_most_work_chain returned: None
[2m2025-10-29T13:56:32.663968Z[0m [32m INFO[0m activate_best_chain: No best chain found, returning
[2m2025-10-29T13:56:33.665067Z[0m [32m INFO[0m Requesting headers from best header height 0 (active chain: 0)
[2m2025-10-29T13:56:33.665109Z[0m [32m INFO[0m activate_best_chain: START
[2m2025-10-29T13:56:33.665113Z[0m [32m INFO[0m activate_best_chain: Calling find_most_work_chain
[2m2025-10-29T13:56:33.665117Z[0m [32m INFO[0m activate_best_chain: find_most_work_chain returned: None
[2m2025-10-29T13:56:33.665119Z[0m [32m INFO[0m activate_best_chain: No best chain found, returning
[2m2025-10-29T13:56:34.665213Z[0m [32m INFO[0m Requesting headers from best header height 0 (active chain: 0)
[2m2025-10-29T13:56:34.665259Z[0m [32m INFO[0m activate_best_chain: START
[2m2025-10-29T13:56:34.665262Z[0m [32m INFO[0m activate_best_chain: Calling find_most_work_chain
[2m2025-10-29T13:56:34.665266Z[0m [32m INFO[0m activate_best_chain: find_most_work_chain returned: None
[2m2025-10-29T13:56:34.665269Z[0m [32m INFO[0m activate_best_chain: No best chain found, returning
[2m2025-10-29T13:56:35.664290Z[0m [32m INFO[0m Requesting headers from best header height 0 (active chain: 0)
[2m2025-10-29T13:56:35.664320Z[0m [32m INFO[0m activate_best_chain: START
[2m2025-10-29T13:56:35.664341Z[0m [32m INFO[0m activate_best_chain: Calling find_most_work_chain
[2m2025-10-29T13:56:35.664347Z[0m [32m INFO[0m activate_best_chain: find_most_work_chain returned: None
[2m2025-10-29T13:56:35.664352Z[0m [32m INFO[0m activate_best_chain: No best chain found, returning
[2m2025-10-29T13:56:36.664484Z[0m [32m INFO[0m Requesting headers from best header height 0 (active chain: 0)
[2m2025-10-29T13:56:36.664519Z[0m [32m INFO[0m activate_best_chain: START
[2m2025-10-29T13:56:36.664536Z[0m [32m INFO[0m activate_best_chain: Calling find_most_work_chain
[2m2025-10-29T13:56:36.664541Z[0m [32m INFO[0m activate_best_chain: find_most_work_chain returned: None
[2m2025-10-29T13:56:36.664543Z[0m [32m INFO[0m activate_best_chain: No best chain found, returning
[2m2025-10-29T13:56:37.664608Z[0m [32m INFO[0m Requesting headers from best header height 0 (active chain: 0)
[2m2025-10-29T13:56:37.664629Z[0m [32m INFO[0m activate_best_chain: START
[2m2025-10-29T13:56:37.664632Z[0m [32m INFO[0m activate_best_chain: Calling find_most_work_chain
[2m2025-10-29T13:56:37.664635Z[0m [32m INFO[0m activate_best_chain: find_most_work_chain returned: None
[2m2025-10-29T13:56:37.664637Z[0m [32m INFO[0m activate_best_chain: No best chain found, returning
[2m2025-10-29T13:56:38.664762Z[0m [32m INFO[0m Requesting headers from best header height 0 (active chain: 0)
[2m2025-10-29T13:56:38.664814Z[0m [32m INFO[0m activate_best_chain: START
[2m2025-10-29T13:56:38.664818Z[0m [32m INFO[0m activate_best_chain: Calling find_most_work_chain
[2m2025-10-29T13:56:38.664822Z[0m [32m INFO[0m activate_best_chain: find_most_work_chain returned: None
[2m2025-10-29T13:56:38.664825Z[0m [32m INFO[0m activate_best_chain: No best chain found, returning
[2m2025-10-29T13:56:39.665023Z[0m [32m INFO[0m Requesting headers from best header height 0 (active chain: 0)
[2m2025-10-29T13:56:39.665062Z[0m [32m INFO[0m Status Report:
[2m2025-10-29T13:56:39.665069Z[0m [32m INFO[0m   Peers: 0
[2m2025-10-29T13:56:39.665072Z[0m [32m INFO[0m   Active chain height: 0 (validated)
[2m2025-10-29T13:56:39.665078Z[0m [32m INFO[0m   Best header height: 0 (received)
[2m2025-10-29T13:56:39.665072Z[0m [32m INFO[0m activate_best_chain: START
[2m2025-10-29T13:56:39.665081Z[0m [32m INFO[0m   Pending headers: 0
[2m2025-10-29T13:56:39.665085Z[0m [32m INFO[0m activate_best_chain: Calling find_most_work_chain
[2m2025-10-29T13:56:39.665088Z[0m [32m INFO[0m   In-flight blocks: 0
[2m2025-10-29T13:56:39.665091Z[0m [32m INFO[0m activate_best_chain: find_most_work_chain returned: None
[2m2025-10-29T13:56:39.665101Z[0m [32m INFO[0m activate_best_chain: No best chain found, returning
[2m2025-10-29T13:56:39.665091Z[0m [32m INFO[0m   Presync active: false
[2m2025-10-29T13:56:40.665973Z[0m [32m INFO[0m Requesting headers from best header height 0 (active chain: 0)
[2m2025-10-29T13:56:40.666025Z[0m [32m INFO[0m activate_best_chain: START
[2m2025-10-29T13:56:40.666030Z[0m [32m INFO[0m activate_best_chain: Calling find_most_work_chain
[2m2025-10-29T13:56:40.666035Z[0m [32m INFO[0m activate_best_chain: find_most_work_chain returned: None
[2m2025-10-29T13:56:40.666039Z[0m [32m INFO[0m activate_best_chain: No best chain found, returning
[2m2025-10-29T13:56:41.665226Z[0m [32m INFO[0m Requesting headers from best header height 0 (active chain: 0)
[2m2025-10-29T13:56:41.665302Z[0m [32m INFO[0m activate_best_chain: START
[2m2025-10-29T13:56:41.665306Z[0m [32m INFO[0m activate_best_chain: Calling find_most_work_chain
[2m2025-10-29T13:56:41.665312Z[0m [32m INFO[0m activate_best_chain: find_most_work_chain returned: None
[2m2025-10-29T13:56:41.665315Z[0m [32m INFO[0m activate_best_chain: No best chain found, returning
[2m2025-10-29T13:56:42.664696Z[0m [32m INFO[0m Requesting headers from best header height 0 (active chain: 0)
[2m2025-10-29T13:56:42.664747Z[0m [32m INFO[0m activate_best_chain: START
[2m2025-10-29T13:56:42.664752Z[0m [32m INFO[0m activate_best_chain: Calling find_most_work_chain
[2m2025-10-29T13:56:42.664757Z[0m [32m INFO[0m activate_best_chain: find_most_work_chain returned: None
[2m2025-10-29T13:56:42.664760Z[0m [32m INFO[0m activate_best_chain: No best chain found, returning
[2m2025-10-29T13:56:43.664903Z[0m [32m INFO[0m Requesting headers from best header height 0 (active chain: 0)
[2m2025-10-29T13:56:43.664945Z[0m [32m INFO[0m activate_best_chain: START
[2m2025-10-29T13:56:43.664948Z[0m [32m INFO[0m activate_best_chain: Calling find_most_work_chain
[2m2025-10-29T13:56:43.664951Z[0m [32m INFO[0m activate_best_chain: find_most_work_chain returned: None
[2m2025-10-29T13:56:43.664954Z[0m [32m INFO[0m activate_best_chain: No best chain found, returning
[2m2025-10-29T13:56:44.665077Z[0m [32m INFO[0m Requesting headers from best header height 0 (active chain: 0)
[2m2025-10-29T13:56:44.665152Z[0m [32m INFO[0m activate_best_chain: START
[2m2025-10-29T13:56:44.665155Z[0m [32m INFO[0m activate_best_chain: Calling find_most_work_chain
[2m2025-10-29T13:56:44.665160Z[0m [32m INFO[0m activate_best_chain: find_most_work_chain returned: None
[2m2025-10-29T13:56:44.665163Z[0m [32m INFO[0m activate_best_chain: No best chain found, returning
[2m2025-10-29T13:56:45.665316Z[0m [32m INFO[0m Requesting headers from best header height 0 (active chain: 0)
[2m2025-10-29T13:56:45.665385Z[0m [32m INFO[0m activate_best_chain: START
[2m2025-10-29T13:56:45.665389Z[0m [32m INFO[0m activate_best_chain: Calling find_most_work_chain
[2m2025-10-29T13:56:45.665392Z[0m [32m INFO[0m activate_best_chain: find_most_work_chain returned: None
[2m2025-10-29T13:56:45.665394Z[0m [32m INFO[0m activate_best_chain: No best chain found, returning
[2m2025-10-29T13:56:46.665339Z[0m [32m INFO[0m Requesting headers from best header height 0 (active chain: 0)
[2m2025-10-29T13:56:46.665389Z[0m [32m INFO[0m activate_best_chain: START
[2m2025-10-29T13:56:46.665393Z[0m [32m INFO[0m activate_best_chain: Calling find_most_work_chain
[2m2025-10-29T13:56:46.665397Z[0m [32m INFO[0m activate_best_chain: find_most_work_chain returned: None
[2m2025-10-29T13:56:46.665401Z[0m [32m INFO[0m activate_best_chain: No best chain found, returning
[2m2025-10-29T13:56:47.665031Z[0m [32m INFO[0m Requesting headers from best header height 0 (active chain: 0)
[2m2025-10-29T13:56:47.665100Z[0m [32m INFO[0m activate_best_chain: START
[2m2025-10-29T13:56:47.665121Z[0m [32m INFO[0m activate_best_chain: Calling find_most_work_chain
[2m2025-10-29T13:56:47.665128Z[0m [32m INFO[0m activate_best_chain: find_most_work_chain returned: None
[2m2025-10-29T13:56:47.665134Z[0m [32m INFO[0m activate_best_chain: No best chain found, returning
[2m2025-10-29T13:56:48.663648Z[0m [32m INFO[0m Requesting headers from best header height 0 (active chain: 0)
[2m2025-10-29T13:56:48.663712Z[0m [32m INFO[0m activate_best_chain: START
[2m2025-10-29T13:56:48.663718Z[0m [32m INFO[0m activate_best_chain: Calling find_most_work_chain
[2m2025-10-29T13:56:48.663725Z[0m [32m INFO[0m activate_best_chain: find_most_work_chain returned: None
[2m2025-10-29T13:56:48.663730Z[0m [32m INFO[0m activate_best_chain: No best chain found, returning
[2m2025-10-29T13:56:49.664864Z[0m [32m INFO[0m Requesting headers from best header height 0 (active chain: 0)
[2m2025-10-29T13:56:49.664914Z[0m [32m INFO[0m activate_best_chain: START
[2m2025-10-29T13:56:49.664918Z[0m [32m INFO[0m activate_best_chain: Calling find_most_work_chain
[2m2025-10-29T13:56:49.664922Z[0m [32m INFO[0m activate_best_chain: find_most_work_chain returned: None
[2m2025-10-29T13:56:49.664926Z[0m [32m INFO[0m activate_best_chain: No best chain found, returning
[2m2025-10-29T13:56:50.665070Z[0m [32m INFO[0m Requesting headers from best header height 0 (active chain: 0)
[2m2025-10-29T13:56:50.665125Z[0m [32m INFO[0m activate_best_chain: START
[2m2025-10-29T13:56:50.665129Z[0m [32m INFO[0m activate_best_chain: Calling find_most_work_chain
[2m2025-10-29T13:56:50.665134Z[0m [32m INFO[0m activate_best_chain: find_most_work_chain returned: None
[2m2025-10-29T13:56:50.665138Z[0m [32m INFO[0m activate_best_chain: No best chain found, returning
[2m2025-10-29T13:56:51.665276Z[0m [32m INFO[0m Requesting headers from best header height 0 (active chain: 0)
[2m2025-10-29T13:56:51.665343Z[0m [32m INFO[0m activate_best_chain: START
[2m2025-10-29T13:56:51.665350Z[0m [32m INFO[0m activate_best_chain: Calling find_most_work_chain
[2m2025-10-29T13:56:51.665358Z[0m [32m INFO[0m activate_best_chain: find_most_work_chain returned: None
[2m2025-10-29T13:56:51.665364Z[0m [32m INFO[0m activate_best_chain: No best chain found, returning
[2m2025-10-29T13:56:52.663853Z[0m [32m INFO[0m Requesting headers from best header height 0 (active chain: 0)
[2m2025-10-29T13:56:52.663901Z[0m [32m INFO[0m activate_best_chain: START
[2m2025-10-29T13:56:52.663905Z[0m [32m INFO[0m activate_best_chain: Calling find_most_work_chain
[2m2025-10-29T13:56:52.663908Z[0m [32m INFO[0m activate_best_chain: find_most_work_chain returned: None
[2m2025-10-29T13:56:52.663911Z[0m [32m INFO[0m activate_best_chain: No best chain found, returning
[2m2025-10-29T13:56:53.665031Z[0m [32m INFO[0m Requesting headers from best header height 0 (active chain: 0)
[2m2025-10-29T13:56:53.665089Z[0m [32m INFO[0m activate_best_chain: START
[2m2025-10-29T13:56:53.665093Z[0m [32m INFO[0m activate_best_chain: Calling find_most_work_chain
[2m2025-10-29T13:56:53.665097Z[0m [32m INFO[0m activate_best_chain: find_most_work_chain returned: None
[2m2025-10-29T13:56:53.665100Z[0m [32m INFO[0m activate_best_chain: No best chain found, returning
[2m2025-10-29T13:56:54.665194Z[0m [32m INFO[0m Requesting headers from best header height 0 (active chain: 0)
[2m2025-10-29T13:56:54.665220Z[0m [32m INFO[0m activate_best_chain: START
[2m2025-10-29T13:56:54.665222Z[0m [32m INFO[0m activate_best_chain: Calling find_most_work_chain
[2m2025-10-29T13:56:54.665225Z[0m [32m INFO[0m activate_best_chain: find_most_work_chain returned: None
[2m2025-10-29T13:56:54.665227Z[0m [32m INFO[0m activate_best_chain: No best chain found, returning
[2m2025-10-29T13:56:55.665368Z[0m [32m INFO[0m Requesting headers from best header height 0 (active chain: 0)
[2m2025-10-29T13:56:55.665428Z[0m [32m INFO[0m activate_best_chain: START
[2m2025-10-29T13:56:55.665434Z[0m [32m INFO[0m activate_best_chain: Calling find_most_work_chain
[2m2025-10-29T13:56:55.665440Z[0m [32m INFO[0m activate_best_chain: find_most_work_chain returned: None
[2m2025-10-29T13:56:55.665446Z[0m [32m INFO[0m activate_best_chain: No best chain found, returning
[2m2025-10-29T13:56:56.663685Z[0m [32m INFO[0m Requesting headers from best header height 0 (active chain: 0)
[2m2025-10-29T13:56:56.663753Z[0m [32m INFO[0m activate_best_chain: START
[2m2025-10-29T13:56:56.663759Z[0m [32m INFO[0m activate_best_chain: Calling find_most_work_chain
[2m2025-10-29T13:56:56.663767Z[0m [32m INFO[0m activate_best_chain: find_most_work_chain returned: None
[2m2025-10-29T13:56:56.663773Z[0m [32m INFO[0m activate_best_chain: No best chain found, returning
[2m2025-10-29T13:56:57.664889Z[0m [32m INFO[0m Requesting headers from best header height 0 (active chain: 0)
[2m2025-10-29T13:56:57.664943Z[0m [32m INFO[0m activate_best_chain: START
[2m2025-10-29T13:56:57.664947Z[0m [32m INFO[0m activate_best_chain: Calling find_most_work_chain
[2m2025-10-29T13:56:57.664952Z[0m [32m INFO[0m activate_best_chain: find_most_work_chain returned: None
[2m2025-10-29T13:56:57.664955Z[0m [32m INFO[0m activate_best_chain: No best chain found, returning
